2026-04-07 18:33:21 - INFO - ================================================================================
2026-04-07 18:33:21 - INFO - 常规训练
2026-04-07 18:33:21 - INFO - ================================================================================
2026-04-07 18:33:21 - INFO - 训练配置:
2026-04-07 18:33:21 - INFO -     实验名称: maize_data
2026-04-07 18:33:21 - INFO -     样本数量: 400
2026-04-07 18:33:21 - INFO -     表型数量: 1 ['GreenCoverage']
2026-04-07 18:33:21 - INFO -     时间点数: [10, 12, 14, 15, 17, 19, 24, 26, 37, 44, 51, 65, 80, 101]
2026-04-07 18:33:21 - INFO -     训练模式: 常规训练
2026-04-07 18:33:21 - INFO -     test_ratio: 0.1
2026-04-07 18:33:21 - INFO -     val_ratio: 0.1
2026-04-07 18:33:21 - INFO -     epochs: 100
2026-04-07 18:33:21 - INFO -     lr: 0.0001
2026-04-07 18:33:21 - INFO -     min_lr: 1e-07
2026-04-07 18:33:21 - INFO -     weight_decay: 0.0001
2026-04-07 18:33:21 - INFO -     batch_size: 16
2026-04-07 18:33:21 - INFO -     patience: 10
2026-04-07 18:33:21 - INFO -     grad_clip_norm: 1.0
2026-04-07 18:33:21 - INFO -     seed: 73
2026-04-07 18:33:21 - INFO -     device: cuda
2026-04-07 18:33:21 - INFO -     use_warmup: True
2026-04-07 18:33:21 - INFO -     norm_method: global
2026-04-07 18:33:21 - INFO -     scaler_type: zscore
2026-04-07 18:33:21 - INFO -     warmup_epochs: 8
2026-04-07 18:33:21 - INFO - 模型配置:
2026-04-07 18:33:21 - INFO -     snp_dim: 50000
2026-04-07 18:33:21 - INFO -     d_model: 64
2026-04-07 18:33:21 - INFO -     num_heads: 4
2026-04-07 18:33:21 - INFO -     num_layers: 2
2026-04-07 18:33:21 - INFO -     d_ff: 256
2026-04-07 18:33:21 - INFO -     dropout: 0.3
2026-04-07 18:33:21 - INFO - 路径配置:
2026-04-07 18:33:21 - INFO -     snp_file: dataset/maize/snp/snp_50000.npy
2026-04-07 18:33:21 - INFO -     pheno_dir: dataset/maize/cleaned_pheno
2026-04-07 18:33:21 - INFO -     model_save_dir: outputs/tfpp/maize_data/models
2026-04-07 18:33:21 - INFO -     training_history_save_dir: outputs/tfpp/maize_data/training_history
2026-04-07 18:33:21 - INFO -     phenotype_scaler_dir: outputs/tfpp/maize_data/scalers
2026-04-07 18:33:21 - INFO - 归一化器已保存至: outputs/tfpp/maize_data/scalers/scaler.pkl
2026-04-07 18:33:21 - INFO - 数据加载完成
2026-04-07 18:33:27 - INFO - [  1/100] Loss[train:0.904856 / val:0.638745] | PCC[train:0.032680 / val:0.384750] | R²[train:-28.296482 / val:-28.332222] | lr:1.00e-06 ★
2026-04-07 18:33:32 - INFO - [  2/100] Loss[train:0.463464 / val:0.254371] | PCC[train:0.033368 / val:0.453184] | R²[train:-13.622278 / val:-9.107606] | lr:2.13e-06 ★
2026-04-07 18:33:38 - INFO - [  3/100] Loss[train:0.164902 / val:0.127490] | PCC[train:0.054220 / val:0.561454] | R²[train:-3.601516 / val:-3.084449] | lr:3.25e-06 ★
2026-04-07 18:33:43 - INFO - [  4/100] Loss[train:0.116823 / val:0.115954] | PCC[train:0.338396 / val:0.613850] | R²[train:-2.115799 / val:-2.809579] | lr:4.38e-06 ★
2026-04-07 18:33:48 - INFO - [  5/100] Loss[train:0.103916 / val:0.103544] | PCC[train:0.549733 / val:0.689572] | R²[train:-1.909932 / val:-2.563787] | lr:5.50e-06 ★
2026-04-07 18:33:53 - INFO - [  6/100] Loss[train:0.095121 / val:0.098634] | PCC[train:0.638167 / val:0.693078] | R²[train:-1.714104 / val:-2.313510] | lr:6.63e-06 ★
2026-04-07 18:33:58 - INFO - [  7/100] Loss[train:0.085383 / val:0.087084] | PCC[train:0.632452 / val:0.716816] | R²[train:-1.448351 / val:-1.891527] | lr:7.75e-06 ★
2026-04-07 18:34:04 - INFO - [  8/100] Loss[train:0.074505 / val:0.076023] | PCC[train:0.532752 / val:0.720276] | R²[train:-1.122842 / val:-1.350007] | lr:8.88e-06 ★
2026-04-07 18:34:09 - INFO - [  9/100] Loss[train:0.057462 / val:0.061634] | PCC[train:0.596940 / val:0.714919] | R²[train:-0.535367 / val:-0.484104] | lr:1.00e-05 ★
2026-04-07 18:34:14 - INFO - [ 10/100] Loss[train:0.044344 / val:0.047679] | PCC[train:0.531425 / val:0.756020] | R²[train:-0.042435 / val:-0.045642] | lr:1.00e-05 ★
2026-04-07 18:34:19 - INFO - [ 11/100] Loss[train:0.037199 / val:0.043856] | PCC[train:0.675628 / val:0.770054] | R²[train:0.155368 / val:0.085424] | lr:9.99e-06 ★
2026-04-07 18:34:24 - INFO - [ 12/100] Loss[train:0.037800 / val:0.045535] | PCC[train:0.680161 / val:0.753601] | R²[train:0.184052 / val:0.102004] | lr:9.97e-06
2026-04-07 18:34:30 - INFO - [ 13/100] Loss[train:0.034305 / val:0.046695] | PCC[train:0.698531 / val:0.757285] | R²[train:0.218805 / val:0.064389] | lr:9.95e-06
2026-04-07 18:34:35 - INFO - [ 14/100] Loss[train:0.033470 / val:0.046345] | PCC[train:0.747155 / val:0.761736] | R²[train:0.251283 / val:0.042388] | lr:9.93e-06
2026-04-07 18:34:40 - INFO - [ 15/100] Loss[train:0.030930 / val:0.047902] | PCC[train:0.792957 / val:0.763977] | R²[train:0.281777 / val:-0.040261] | lr:9.90e-06
2026-04-07 18:34:45 - INFO - [ 16/100] Loss[train:0.033107 / val:0.052399] | PCC[train:0.725887 / val:0.757457] | R²[train:0.220141 / val:-0.232302] | lr:9.86e-06
2026-04-07 18:34:50 - INFO - [ 17/100] Loss[train:0.032227 / val:0.049269] | PCC[train:0.714371 / val:0.754098] | R²[train:0.197214 / val:-0.085206] | lr:9.82e-06
2026-04-07 18:34:56 - INFO - [ 18/100] Loss[train:0.030164 / val:0.045078] | PCC[train:0.749990 / val:0.750385] | R²[train:0.278722 / val:0.141763] | lr:9.77e-06
2026-04-07 18:35:01 - INFO - [ 19/100] Loss[train:0.032734 / val:0.050368] | PCC[train:0.737301 / val:0.747542] | R²[train:0.205670 / val:-0.091397] | lr:9.71e-06
2026-04-07 18:35:06 - INFO - [ 20/100] Loss[train:0.030928 / val:0.047872] | PCC[train:0.759904 / val:0.756685] | R²[train:0.270638 / val:-0.033492] | lr:9.65e-06
2026-04-07 18:35:11 - INFO - [ 21/100] Loss[train:0.030603 / val:0.043460] | PCC[train:0.784328 / val:0.766388] | R²[train:0.292491 / val:0.169261] | lr:9.59e-06 ★
2026-04-07 18:35:16 - INFO - [ 22/100] Loss[train:0.030988 / val:0.041911] | PCC[train:0.781501 / val:0.760190] | R²[train:0.304450 / val:0.270861] | lr:9.52e-06 ★
2026-04-07 18:35:22 - INFO - [ 23/100] Loss[train:0.032970 / val:0.052964] | PCC[train:0.703468 / val:0.757065] | R²[train:0.197363 / val:-0.242280] | lr:9.45e-06
2026-04-07 18:35:27 - INFO - [ 24/100] Loss[train:0.030652 / val:0.044622] | PCC[train:0.757337 / val:0.753279] | R²[train:0.285555 / val:0.193420] | lr:9.36e-06
2026-04-07 18:35:32 - INFO - [ 25/100] Loss[train:0.027280 / val:0.043991] | PCC[train:0.834998 / val:0.754221] | R²[train:0.379897 / val:0.175074] | lr:9.28e-06
2026-04-07 18:35:37 - INFO - [ 26/100] Loss[train:0.027580 / val:0.044751] | PCC[train:0.808302 / val:0.759955] | R²[train:0.352110 / val:0.128898] | lr:9.19e-06
2026-04-07 18:35:43 - INFO - [ 27/100] Loss[train:0.037441 / val:0.080883] | PCC[train:0.673901 / val:0.762583] | R²[train:0.021819 / val:-1.782367] | lr:9.09e-06
2026-04-07 18:35:48 - INFO - [ 28/100] Loss[train:0.040676 / val:0.047904] | PCC[train:0.655741 / val:0.763435] | R²[train:-0.123120 / val:-0.032996] | lr:8.99e-06
2026-04-07 18:35:53 - INFO - [ 29/100] Loss[train:0.027873 / val:0.045800] | PCC[train:0.812595 / val:0.762900] | R²[train:0.383458 / val:0.055740] | lr:8.89e-06
2026-04-07 18:35:58 - INFO - [ 30/100] Loss[train:0.025746 / val:0.044081] | PCC[train:0.830862 / val:0.766456] | R²[train:0.433118 / val:0.135783] | lr:8.78e-06
2026-04-07 18:36:03 - INFO - [ 31/100] Loss[train:0.026635 / val:0.041815] | PCC[train:0.830439 / val:0.773140] | R²[train:0.374891 / val:0.208637] | lr:8.67e-06 ★
2026-04-07 18:36:09 - INFO - [ 32/100] Loss[train:0.024836 / val:0.040525] | PCC[train:0.843835 / val:0.771177] | R²[train:0.452252 / val:0.271079] | lr:8.55e-06 ★
2026-04-07 18:36:14 - INFO - [ 33/100] Loss[train:0.029501 / val:0.062880] | PCC[train:0.757455 / val:0.766451] | R²[train:0.283157 / val:-0.812646] | lr:8.43e-06
2026-04-07 18:36:19 - INFO - [ 34/100] Loss[train:0.031697 / val:0.039802] | PCC[train:0.770048 / val:0.772456] | R²[train:0.237176 / val:0.340441] | lr:8.30e-06 ★
2026-04-07 18:36:24 - INFO - [ 35/100] Loss[train:0.026938 / val:0.041931] | PCC[train:0.813635 / val:0.765728] | R²[train:0.380680 / val:0.269200] | lr:8.17e-06
2026-04-07 18:36:29 - INFO - [ 36/100] Loss[train:0.024243 / val:0.041853] | PCC[train:0.848901 / val:0.763120] | R²[train:0.477866 / val:0.295639] | lr:8.04e-06
2026-04-07 18:36:35 - INFO - [ 37/100] Loss[train:0.024509 / val:0.047814] | PCC[train:0.849914 / val:0.759396] | R²[train:0.479880 / val:0.002921] | lr:7.90e-06
2026-04-07 18:36:40 - INFO - [ 38/100] Loss[train:0.028486 / val:0.045378] | PCC[train:0.806374 / val:0.762529] | R²[train:0.306896 / val:0.074484] | lr:7.76e-06
2026-04-07 18:36:45 - INFO - [ 39/100] Loss[train:0.025383 / val:0.041988] | PCC[train:0.808895 / val:0.763883] | R²[train:0.429972 / val:0.255953] | lr:7.62e-06
2026-04-07 18:36:50 - INFO - [ 40/100] Loss[train:0.023953 / val:0.040400] | PCC[train:0.854922 / val:0.767458] | R²[train:0.496931 / val:0.313845] | lr:7.48e-06
2026-04-07 18:36:55 - INFO - [ 41/100] Loss[train:0.024338 / val:0.043743] | PCC[train:0.843593 / val:0.771953] | R²[train:0.470113 / val:0.081167] | lr:7.33e-06
2026-04-07 18:37:01 - INFO - [ 42/100] Loss[train:0.030395 / val:0.058981] | PCC[train:0.752160 / val:0.774642] | R²[train:0.245415 / val:-0.679215] | lr:7.18e-06
2026-04-07 18:37:06 - INFO - [ 43/100] Loss[train:0.026987 / val:0.040866] | PCC[train:0.787806 / val:0.776224] | R²[train:0.409136 / val:0.221220] | lr:7.02e-06
2026-04-07 18:37:11 - INFO - [ 44/100] Loss[train:0.021597 / val:0.039610] | PCC[train:0.893100 / val:0.770805] | R²[train:0.553002 / val:0.304525] | lr:6.87e-06 ★
2026-04-07 18:37:16 - INFO - [ 45/100] Loss[train:0.025891 / val:0.043513] | PCC[train:0.823563 / val:0.775084] | R²[train:0.406546 / val:0.123309] | lr:6.71e-06
2026-04-07 18:37:22 - INFO - [ 46/100] Loss[train:0.022641 / val:0.038409] | PCC[train:0.868537 / val:0.778790] | R²[train:0.510731 / val:0.355146] | lr:6.55e-06 ★
2026-04-07 18:37:27 - INFO - [ 47/100] Loss[train:0.023198 / val:0.038496] | PCC[train:0.861920 / val:0.777237] | R²[train:0.525265 / val:0.372340] | lr:6.39e-06
2026-04-07 18:37:32 - INFO - [ 48/100] Loss[train:0.024540 / val:0.041856] | PCC[train:0.829172 / val:0.775353] | R²[train:0.455478 / val:0.231574] | lr:6.22e-06
2026-04-07 18:37:37 - INFO - [ 49/100] Loss[train:0.022612 / val:0.038982] | PCC[train:0.883679 / val:0.771999] | R²[train:0.510748 / val:0.367941] | lr:6.06e-06
2026-04-07 18:37:42 - INFO - [ 50/100] Loss[train:0.026462 / val:0.040045] | PCC[train:0.798512 / val:0.777391] | R²[train:0.373908 / val:0.302453] | lr:5.89e-06
2026-04-07 18:37:47 - INFO - [ 51/100] Loss[train:0.024450 / val:0.041610] | PCC[train:0.827715 / val:0.773718] | R²[train:0.475893 / val:0.209012] | lr:5.72e-06
2026-04-07 18:37:53 - INFO - [ 52/100] Loss[train:0.021962 / val:0.040010] | PCC[train:0.893128 / val:0.773982] | R²[train:0.542531 / val:0.315270] | lr:5.56e-06
2026-04-07 18:37:58 - INFO - [ 53/100] Loss[train:0.021603 / val:0.041418] | PCC[train:0.883698 / val:0.774646] | R²[train:0.537162 / val:0.249620] | lr:5.39e-06
2026-04-07 18:38:03 - INFO - [ 54/100] Loss[train:0.022035 / val:0.040216] | PCC[train:0.865917 / val:0.765172] | R²[train:0.537835 / val:0.339463] | lr:5.22e-06
2026-04-07 18:38:08 - INFO - [ 55/100] Loss[train:0.023608 / val:0.042243] | PCC[train:0.843185 / val:0.771064] | R²[train:0.498330 / val:0.210247] | lr:5.05e-06
2026-04-07 18:38:13 - INFO - [ 56/100] Loss[train:0.022577 / val:0.038341] | PCC[train:0.884719 / val:0.780196] | R²[train:0.567423 / val:0.343313] | lr:4.88e-06 ★
2026-04-07 18:38:18 - INFO - [ 57/100] Loss[train:0.021770 / val:0.037466] | PCC[train:0.869747 / val:0.782581] | R²[train:0.540604 / val:0.382932] | lr:4.71e-06 ★
2026-04-07 18:38:24 - INFO - [ 58/100] Loss[train:0.021526 / val:0.037021] | PCC[train:0.895756 / val:0.780401] | R²[train:0.588553 / val:0.396391] | lr:4.54e-06 ★
2026-04-07 18:38:29 - INFO - [ 59/100] Loss[train:0.021166 / val:0.038383] | PCC[train:0.894651 / val:0.777283] | R²[train:0.592583 / val:0.348930] | lr:4.38e-06
2026-04-07 18:38:34 - INFO - [ 60/100] Loss[train:0.021297 / val:0.037796] | PCC[train:0.893615 / val:0.775799] | R²[train:0.567252 / val:0.368715] | lr:4.21e-06
2026-04-07 18:38:39 - INFO - [ 61/100] Loss[train:0.020936 / val:0.037714] | PCC[train:0.877720 / val:0.780309] | R²[train:0.586942 / val:0.378191] | lr:4.04e-06
2026-04-07 18:38:44 - INFO - [ 62/100] Loss[train:0.021853 / val:0.038381] | PCC[train:0.860564 / val:0.780168] | R²[train:0.588127 / val:0.347060] | lr:3.88e-06
2026-04-07 18:38:50 - INFO - [ 63/100] Loss[train:0.023162 / val:0.045536] | PCC[train:0.851474 / val:0.779825] | R²[train:0.504871 / val:0.019351] | lr:3.71e-06
2026-04-07 18:38:55 - INFO - [ 64/100] Loss[train:0.022501 / val:0.039556] | PCC[train:0.812500 / val:0.779515] | R²[train:0.529891 / val:0.300481] | lr:3.55e-06
2026-04-07 18:39:00 - INFO - [ 65/100] Loss[train:0.022582 / val:0.039003] | PCC[train:0.859535 / val:0.777101] | R²[train:0.559163 / val:0.333692] | lr:3.39e-06
2026-04-07 18:39:05 - INFO - [ 66/100] Loss[train:0.020724 / val:0.039366] | PCC[train:0.887119 / val:0.771843] | R²[train:0.568544 / val:0.338010] | lr:3.23e-06
2026-04-07 18:39:10 - INFO - [ 67/100] Loss[train:0.020633 / val:0.040257] | PCC[train:0.856742 / val:0.771505] | R²[train:0.551131 / val:0.290833] | lr:3.08e-06
2026-04-07 18:39:16 - INFO - [ 68/100] Loss[train:0.020894 / val:0.039990] | PCC[train:0.891275 / val:0.772760] | R²[train:0.547642 / val:0.311398] | lr:2.92e-06
2026-04-07 18:39:16 - INFO - 连续 10 轮无改善，触发早停！
2026-04-07 18:39:16 - INFO - 训练完成摘要:
2026-04-07 18:39:16 - INFO -     best_epoch: 58/100
2026-04-07 18:39:16 - INFO -     best_val_loss: 0.037021
2026-04-07 18:39:16 - INFO -     best_val_mse: 0.011965
2026-04-07 18:39:16 - INFO -     best_val_rmse: 0.090131
2026-04-07 18:39:16 - INFO -     best_val_mae: 0.069445
2026-04-07 18:39:16 - INFO -     best_val_pcc: 0.780401
2026-04-07 18:39:16 - INFO -     best_val_r²: 0.396391
2026-04-07 18:39:16 - INFO -     final_lr: 2.77e-06
2026-04-07 18:39:16 - INFO -     training_time: 5.90 分钟

2026-04-07 18:39:16 - INFO - 各表型最佳验证指标:
2026-04-07 18:39:16 - INFO -     GreenCoverage: MSE=0.011965, RMSE=0.090131, MAE=0.069445, PCC=0.780401, R²=0.396391
2026-04-07 18:39:16 - INFO - ================================================================================
2026-04-07 18:39:16 - INFO - 测试集评估
2026-04-07 18:39:16 - INFO - ================================================================================
2026-04-07 18:39:16 - INFO - Scaler对象已从 outputs/tfpp/maize_data/scalers/scaler.pkl 加载
2026-04-07 18:39:16 - INFO - （归一化）数据的测试集整体指标:
2026-04-07 18:39:16 - INFO -       MSE: 0.021035
2026-04-07 18:39:16 - INFO -      RMSE: 0.114819
2026-04-07 18:39:16 - INFO -       MAE: 0.074165
2026-04-07 18:39:16 - INFO -       PCC: 0.771507
2026-04-07 18:39:16 - INFO -        R2: 0.376731
2026-04-07 18:39:16 - INFO - （反归一化）数据的测试集整体指标:
2026-04-07 18:39:16 - INFO -       MSE: 0.001256
2026-04-07 18:39:16 - INFO -      RMSE: 0.028054
2026-04-07 18:39:16 - INFO -       MAE: 0.018121
2026-04-07 18:39:16 - INFO -       PCC: 0.771507
2026-04-07 18:39:16 - INFO -        R2: 0.376731
2026-04-07 18:39:16 - INFO - （归一化）各表型测试集指标:
2026-04-07 18:39:16 - INFO -     GreenCoverage: MSE=0.021035, RMSE=0.114819, MAE=0.074165，PCC=0.771507, R²=0.376731
2026-04-07 18:39:16 - INFO - （反归一化）各表型测试集指标:
2026-04-07 18:39:16 - INFO -     GreenCoverage: MSE=0.001256, RMSE=0.028054, MAE=0.018121，PCC=0.771507, R²=0.376731
2026-04-07 18:39:16 - INFO - 模型已保存: outputs/tfpp/maize_data/models/best_model.pth
2026-04-07 18:39:16 - INFO - 训练历史综合指标已保存: outputs/tfpp/maize_data/training_history/training_history_metrics.csv
2026-04-07 18:39:16 - INFO - 所有表型的训练MSE指标已保存: outputs/tfpp/maize_data/training_history/phenotype_mse_history.csv
2026-04-07 18:39:16 - INFO - 所有表型的训练RMSE指标已保存: outputs/tfpp/maize_data/training_history/phenotype_rmse_history.csv
2026-04-07 18:39:16 - INFO - 所有表型的训练MAE指标已保存: outputs/tfpp/maize_data/training_history/phenotype_mae_history.csv
2026-04-07 18:39:16 - INFO - 所有表型的训练PCC指标已保存: outputs/tfpp/maize_data/training_history/phenotype_pcc_history.csv
2026-04-07 18:39:16 - INFO - 所有表型的训练R2指标已保存: outputs/tfpp/maize_data/training_history/phenotype_r2_history.csv
