2026-04-03 11:13:43 - INFO - ================================================================================
2026-04-03 11:13:43 - INFO - 常规训练
2026-04-03 11:13:43 - INFO - ================================================================================
2026-04-03 11:13:43 - INFO - 训练配置:
2026-04-03 11:13:43 - INFO -     实验名称: exp_20260403_111343
2026-04-03 11:13:43 - INFO -     样本数量: 400
2026-04-03 11:13:43 - INFO -     表型数量: 8 ['RGBVI', 'WI', 'ExB', 'COM', 'GreenCoverage', 'bn', 'IPCA', 'NDI']
2026-04-03 11:13:43 - INFO -     时间点数: [10, 12, 14, 15, 17, 19, 24, 26, 37, 44, 51, 65, 80, 101]
2026-04-03 11:13:43 - INFO -     训练模式: 常规训练
2026-04-03 11:13:43 - INFO -     test_ratio: 0.1
2026-04-03 11:13:43 - INFO -     val_ratio: 0.1
2026-04-03 11:13:43 - INFO -     epochs: 100
2026-04-03 11:13:43 - INFO -     lr: 0.0001
2026-04-03 11:13:43 - INFO -     min_lr: 1e-07
2026-04-03 11:13:43 - INFO -     weight_decay: 0.0001
2026-04-03 11:13:43 - INFO -     batch_size: 16
2026-04-03 11:13:43 - INFO -     patience: 10
2026-04-03 11:13:43 - INFO -     grad_clip_norm: 1.0
2026-04-03 11:13:43 - INFO -     seed: 73
2026-04-03 11:13:43 - INFO -     device: cuda
2026-04-03 11:13:43 - INFO -     use_warmup: True
2026-04-03 11:13:43 - INFO -     norm_method: global
2026-04-03 11:13:43 - INFO -     scaler_type: zscore
2026-04-03 11:13:43 - INFO -     warmup_epochs: 8
2026-04-03 11:13:43 - INFO - 模型配置:
2026-04-03 11:13:43 - INFO -     snp_dim: 50000
2026-04-03 11:13:43 - INFO -     d_model: 64
2026-04-03 11:13:43 - INFO -     num_heads: 4
2026-04-03 11:13:43 - INFO -     num_layers: 2
2026-04-03 11:13:43 - INFO -     d_ff: 256
2026-04-03 11:13:43 - INFO -     dropout: 0.3
2026-04-03 11:13:43 - INFO - 路径配置:
2026-04-03 11:13:43 - INFO -     snp_file: dataset/maize/snp/snp_50000.npy
2026-04-03 11:13:43 - INFO -     pheno_dir: dataset/maize/cleaned_pheno
2026-04-03 11:13:43 - INFO -     model_save_dir: outputs/tfpp/exp_20260403_111343/models
2026-04-03 11:13:43 - INFO -     training_history_save_dir: outputs/tfpp/exp_20260403_111343/training_history
2026-04-03 11:13:43 - INFO -     phenotype_scaler_dir: outputs/tfpp/exp_20260403_111343/scalers
2026-04-03 11:13:43 - INFO - 归一化器已保存至: outputs/tfpp/exp_20260403_111343/scalers/scaler.pkl
2026-04-03 11:13:43 - INFO - 数据加载完成
2026-04-03 11:13:51 - INFO - [  1/100] Loss[train:0.920556 / val:0.682812] | PCC[train:0.007390 / val:0.332288] | R²[train:-24.020386 / val:-21.696178] | lr:1.00e-06 ★
2026-04-03 11:13:57 - INFO - [  2/100] Loss[train:0.532811 / val:0.357986] | PCC[train:0.067646 / val:0.441856] | R²[train:-12.093689 / val:-8.033982] | lr:2.13e-06 ★
2026-04-03 11:14:03 - INFO - [  3/100] Loss[train:0.280160 / val:0.229232] | PCC[train:0.062531 / val:0.521076] | R²[train:-3.777591 / val:-2.806754] | lr:3.25e-06 ★
2026-04-03 11:14:10 - INFO - [  4/100] Loss[train:0.223896 / val:0.215269] | PCC[train:0.246774 / val:0.597198] | R²[train:-2.202343 / val:-2.657247] | lr:4.38e-06 ★
2026-04-03 11:14:16 - INFO - [  5/100] Loss[train:0.212357 / val:0.203876] | PCC[train:0.387289 / val:0.612999] | R²[train:-2.022262 / val:-2.394094] | lr:5.50e-06 ★
2026-04-03 11:14:23 - INFO - [  6/100] Loss[train:0.201115 / val:0.198986] | PCC[train:0.548597 / val:0.668146] | R²[train:-1.810762 / val:-2.151879] | lr:6.63e-06 ★
2026-04-03 11:14:29 - INFO - [  7/100] Loss[train:0.193099 / val:0.182563] | PCC[train:0.514151 / val:0.673501] | R²[train:-1.576838 / val:-1.810817] | lr:7.75e-06 ★
2026-04-03 11:14:35 - INFO - [  8/100] Loss[train:0.172160 / val:0.194109] | PCC[train:0.551885 / val:0.693173] | R²[train:-1.189437 / val:-1.535450] | lr:8.88e-06
2026-04-03 11:14:42 - INFO - [  9/100] Loss[train:0.159727 / val:0.144690] | PCC[train:0.492059 / val:0.706918] | R²[train:-0.727896 / val:-0.639333] | lr:1.00e-05 ★
2026-04-03 11:14:48 - INFO - [ 10/100] Loss[train:0.134170 / val:0.135906] | PCC[train:0.572528 / val:0.701045] | R²[train:-0.164368 / val:-0.199297] | lr:1.00e-05 ★
2026-04-03 11:14:55 - INFO - [ 11/100] Loss[train:0.117342 / val:0.121418] | PCC[train:0.574537 / val:0.692740] | R²[train:0.098864 / val:-0.034871] | lr:9.99e-06 ★
2026-04-03 11:15:01 - INFO - [ 12/100] Loss[train:0.108672 / val:0.114699] | PCC[train:0.628343 / val:0.701013] | R²[train:0.194933 / val:0.093353] | lr:9.97e-06 ★
2026-04-03 11:15:07 - INFO - [ 13/100] Loss[train:0.101602 / val:0.113876] | PCC[train:0.670237 / val:0.709781] | R²[train:0.256223 / val:0.093362] | lr:9.95e-06 ★
2026-04-03 11:15:14 - INFO - [ 14/100] Loss[train:0.103609 / val:0.109390] | PCC[train:0.681140 / val:0.711607] | R²[train:0.278354 / val:0.116204] | lr:9.93e-06 ★
2026-04-03 11:15:20 - INFO - [ 15/100] Loss[train:0.094706 / val:0.113294] | PCC[train:0.732919 / val:0.711562] | R²[train:0.316930 / val:0.170547] | lr:9.90e-06
2026-04-03 11:15:26 - INFO - [ 16/100] Loss[train:0.092564 / val:0.103658] | PCC[train:0.717511 / val:0.720824] | R²[train:0.292265 / val:0.184813] | lr:9.86e-06 ★
2026-04-03 11:15:33 - INFO - [ 17/100] Loss[train:0.087999 / val:0.101558] | PCC[train:0.742578 / val:0.726093] | R²[train:0.352552 / val:0.152576] | lr:9.82e-06 ★
2026-04-03 11:15:39 - INFO - [ 18/100] Loss[train:0.084800 / val:0.130204] | PCC[train:0.760360 / val:0.724753] | R²[train:0.364000 / val:-0.107404] | lr:9.77e-06
2026-04-03 11:15:46 - INFO - [ 19/100] Loss[train:0.092016 / val:0.101486] | PCC[train:0.702171 / val:0.721834] | R²[train:0.319087 / val:0.218031] | lr:9.71e-06 ★
2026-04-03 11:15:52 - INFO - [ 20/100] Loss[train:0.084723 / val:0.105809] | PCC[train:0.753033 / val:0.719026] | R²[train:0.374626 / val:0.181760] | lr:9.65e-06
2026-04-03 11:15:58 - INFO - [ 21/100] Loss[train:0.082997 / val:0.105460] | PCC[train:0.737752 / val:0.739935] | R²[train:0.296735 / val:-0.091660] | lr:9.59e-06
2026-04-03 11:16:05 - INFO - [ 22/100] Loss[train:0.084006 / val:0.106416] | PCC[train:0.747575 / val:0.735216] | R²[train:0.324682 / val:0.042114] | lr:9.52e-06
2026-04-03 11:16:11 - INFO - [ 23/100] Loss[train:0.076958 / val:0.099319] | PCC[train:0.782156 / val:0.734036] | R²[train:0.399845 / val:0.038129] | lr:9.45e-06 ★
2026-04-03 11:16:18 - INFO - [ 24/100] Loss[train:0.075863 / val:0.098320] | PCC[train:0.786785 / val:0.727895] | R²[train:0.410419 / val:0.200752] | lr:9.36e-06 ★
2026-04-03 11:16:24 - INFO - [ 25/100] Loss[train:0.075274 / val:0.103747] | PCC[train:0.772148 / val:0.725272] | R²[train:0.376360 / val:0.076799] | lr:9.28e-06
2026-04-03 11:16:30 - INFO - [ 26/100] Loss[train:0.075641 / val:0.102978] | PCC[train:0.760901 / val:0.722133] | R²[train:0.386590 / val:0.142899] | lr:9.19e-06
2026-04-03 11:16:37 - INFO - [ 27/100] Loss[train:0.072321 / val:0.103869] | PCC[train:0.781561 / val:0.724166] | R²[train:0.411764 / val:0.143455] | lr:9.09e-06
2026-04-03 11:16:43 - INFO - [ 28/100] Loss[train:0.071662 / val:0.099491] | PCC[train:0.785954 / val:0.734827] | R²[train:0.428323 / val:0.235118] | lr:8.99e-06
2026-04-03 11:16:50 - INFO - [ 29/100] Loss[train:0.067312 / val:0.094569] | PCC[train:0.819275 / val:0.731698] | R²[train:0.467033 / val:0.264195] | lr:8.89e-06 ★
2026-04-03 11:16:56 - INFO - [ 30/100] Loss[train:0.067127 / val:0.094555] | PCC[train:0.807300 / val:0.725467] | R²[train:0.421553 / val:0.271041] | lr:8.78e-06 ★
2026-04-03 11:17:02 - INFO - [ 31/100] Loss[train:0.066700 / val:0.091239] | PCC[train:0.788689 / val:0.729040] | R²[train:0.340097 / val:0.266024] | lr:8.67e-06 ★
2026-04-03 11:17:09 - INFO - [ 32/100] Loss[train:0.063688 / val:0.091904] | PCC[train:0.833713 / val:0.732822] | R²[train:0.455617 / val:0.131367] | lr:8.55e-06
2026-04-03 11:17:15 - INFO - [ 33/100] Loss[train:0.064944 / val:0.098590] | PCC[train:0.838534 / val:0.734135] | R²[train:0.472750 / val:0.293367] | lr:8.43e-06
2026-04-03 11:17:21 - INFO - [ 34/100] Loss[train:0.061836 / val:0.092245] | PCC[train:0.858599 / val:0.729685] | R²[train:0.539230 / val:0.292055] | lr:8.30e-06
2026-04-03 11:17:28 - INFO - [ 35/100] Loss[train:0.061770 / val:0.096842] | PCC[train:0.839735 / val:0.724751] | R²[train:0.506223 / val:0.284313] | lr:8.17e-06
2026-04-03 11:17:34 - INFO - [ 36/100] Loss[train:0.061155 / val:0.091488] | PCC[train:0.851513 / val:0.723048] | R²[train:0.526272 / val:0.290277] | lr:8.04e-06
2026-04-03 11:17:41 - INFO - [ 37/100] Loss[train:0.058193 / val:0.091003] | PCC[train:0.858817 / val:0.717848] | R²[train:0.555858 / val:0.269330] | lr:7.90e-06 ★
2026-04-03 11:17:47 - INFO - [ 38/100] Loss[train:0.058064 / val:0.091583] | PCC[train:0.858556 / val:0.719216] | R²[train:0.533425 / val:0.230042] | lr:7.76e-06
2026-04-03 11:17:53 - INFO - [ 39/100] Loss[train:0.057351 / val:0.092473] | PCC[train:0.858631 / val:0.717039] | R²[train:0.541573 / val:0.208047] | lr:7.62e-06
2026-04-03 11:18:00 - INFO - [ 40/100] Loss[train:0.055349 / val:0.090766] | PCC[train:0.869528 / val:0.722469] | R²[train:0.557776 / val:0.223155] | lr:7.48e-06 ★
2026-04-03 11:18:06 - INFO - [ 41/100] Loss[train:0.055111 / val:0.088248] | PCC[train:0.861879 / val:0.730551] | R²[train:0.524196 / val:0.207342] | lr:7.33e-06 ★
2026-04-03 11:18:13 - INFO - [ 42/100] Loss[train:0.054727 / val:0.089270] | PCC[train:0.854800 / val:0.736282] | R²[train:0.511350 / val:0.202057] | lr:7.18e-06
2026-04-03 11:18:19 - INFO - [ 43/100] Loss[train:0.055511 / val:0.086757] | PCC[train:0.839177 / val:0.739474] | R²[train:0.524742 / val:0.284239] | lr:7.02e-06 ★
2026-04-03 11:18:25 - INFO - [ 44/100] Loss[train:0.054820 / val:0.093488] | PCC[train:0.857484 / val:0.738513] | R²[train:0.559170 / val:0.276063] | lr:6.87e-06
2026-04-03 11:18:32 - INFO - [ 45/100] Loss[train:0.053867 / val:0.095918] | PCC[train:0.881502 / val:0.738255] | R²[train:0.598798 / val:0.331850] | lr:6.71e-06
2026-04-03 11:18:38 - INFO - [ 46/100] Loss[train:0.053905 / val:0.088847] | PCC[train:0.860057 / val:0.739888] | R²[train:0.552858 / val:0.283215] | lr:6.55e-06
2026-04-03 11:18:45 - INFO - [ 47/100] Loss[train:0.049420 / val:0.084448] | PCC[train:0.890179 / val:0.738274] | R²[train:0.598345 / val:0.381366] | lr:6.39e-06 ★
2026-04-03 11:18:51 - INFO - [ 48/100] Loss[train:0.050725 / val:0.091866] | PCC[train:0.882575 / val:0.740694] | R²[train:0.609276 / val:0.262833] | lr:6.22e-06
2026-04-03 11:18:57 - INFO - [ 49/100] Loss[train:0.049097 / val:0.086701] | PCC[train:0.876822 / val:0.741684] | R²[train:0.601167 / val:0.332775] | lr:6.06e-06
2026-04-03 11:19:04 - INFO - [ 50/100] Loss[train:0.049670 / val:0.082771] | PCC[train:0.884765 / val:0.739507] | R²[train:0.584934 / val:0.358492] | lr:5.89e-06 ★
2026-04-03 11:19:10 - INFO - [ 51/100] Loss[train:0.049045 / val:0.085676] | PCC[train:0.876879 / val:0.736855] | R²[train:0.605987 / val:0.325705] | lr:5.72e-06
2026-04-03 11:19:16 - INFO - [ 52/100] Loss[train:0.048889 / val:0.084607] | PCC[train:0.871172 / val:0.736672] | R²[train:0.587628 / val:0.350681] | lr:5.56e-06
2026-04-03 11:19:23 - INFO - [ 53/100] Loss[train:0.047113 / val:0.082575] | PCC[train:0.893541 / val:0.736898] | R²[train:0.623988 / val:0.380554] | lr:5.39e-06 ★
2026-04-03 11:19:29 - INFO - [ 54/100] Loss[train:0.046952 / val:0.082898] | PCC[train:0.883375 / val:0.735724] | R²[train:0.630800 / val:0.401405] | lr:5.22e-06
2026-04-03 11:19:35 - INFO - [ 55/100] Loss[train:0.046723 / val:0.082564] | PCC[train:0.890076 / val:0.739885] | R²[train:0.630432 / val:0.360422] | lr:5.05e-06 ★
2026-04-03 11:19:42 - INFO - [ 56/100] Loss[train:0.045249 / val:0.085118] | PCC[train:0.899234 / val:0.744397] | R²[train:0.643065 / val:0.340238] | lr:4.88e-06
2026-04-03 11:19:48 - INFO - [ 57/100] Loss[train:0.046051 / val:0.081411] | PCC[train:0.888602 / val:0.742283] | R²[train:0.625477 / val:0.380335] | lr:4.71e-06 ★
2026-04-03 11:19:55 - INFO - [ 58/100] Loss[train:0.045240 / val:0.081521] | PCC[train:0.898724 / val:0.743012] | R²[train:0.648445 / val:0.404240] | lr:4.54e-06
2026-04-03 11:20:01 - INFO - [ 59/100] Loss[train:0.045407 / val:0.082358] | PCC[train:0.895042 / val:0.742974] | R²[train:0.653738 / val:0.406501] | lr:4.38e-06
2026-04-03 11:20:07 - INFO - [ 60/100] Loss[train:0.045444 / val:0.082603] | PCC[train:0.890590 / val:0.742764] | R²[train:0.638867 / val:0.412339] | lr:4.21e-06
2026-04-03 11:20:14 - INFO - [ 61/100] Loss[train:0.043176 / val:0.086363] | PCC[train:0.898899 / val:0.742088] | R²[train:0.656790 / val:0.397240] | lr:4.04e-06
2026-04-03 11:20:20 - INFO - [ 62/100] Loss[train:0.043540 / val:0.085003] | PCC[train:0.897320 / val:0.740638] | R²[train:0.660094 / val:0.346410] | lr:3.88e-06
2026-04-03 11:20:26 - INFO - [ 63/100] Loss[train:0.044193 / val:0.083579] | PCC[train:0.888139 / val:0.740369] | R²[train:0.645942 / val:0.422771] | lr:3.71e-06
2026-04-03 11:20:33 - INFO - [ 64/100] Loss[train:0.043467 / val:0.080954] | PCC[train:0.893488 / val:0.737369] | R²[train:0.648060 / val:0.394779] | lr:3.55e-06 ★
2026-04-03 11:20:39 - INFO - [ 65/100] Loss[train:0.043445 / val:0.081017] | PCC[train:0.903360 / val:0.737422] | R²[train:0.655582 / val:0.376260] | lr:3.39e-06
2026-04-03 11:20:46 - INFO - [ 66/100] Loss[train:0.042785 / val:0.082188] | PCC[train:0.890895 / val:0.738554] | R²[train:0.651264 / val:0.334076] | lr:3.23e-06
2026-04-03 11:20:52 - INFO - [ 67/100] Loss[train:0.042387 / val:0.080540] | PCC[train:0.897739 / val:0.740458] | R²[train:0.649374 / val:0.426685] | lr:3.08e-06 ★
2026-04-03 11:20:58 - INFO - [ 68/100] Loss[train:0.041886 / val:0.079619] | PCC[train:0.906710 / val:0.740353] | R²[train:0.670611 / val:0.408462] | lr:2.92e-06 ★
2026-04-03 11:21:05 - INFO - [ 69/100] Loss[train:0.040858 / val:0.079993] | PCC[train:0.906324 / val:0.740379] | R²[train:0.680587 / val:0.432645] | lr:2.77e-06
2026-04-03 11:21:11 - INFO - [ 70/100] Loss[train:0.040609 / val:0.081295] | PCC[train:0.910702 / val:0.741170] | R²[train:0.672098 / val:0.409448] | lr:2.62e-06
2026-04-03 11:21:18 - INFO - [ 71/100] Loss[train:0.041195 / val:0.081670] | PCC[train:0.909939 / val:0.743032] | R²[train:0.693604 / val:0.410598] | lr:2.48e-06
2026-04-03 11:21:24 - INFO - [ 72/100] Loss[train:0.040863 / val:0.080035] | PCC[train:0.906897 / val:0.745435] | R²[train:0.687632 / val:0.422544] | lr:2.34e-06
2026-04-03 11:21:30 - INFO - [ 73/100] Loss[train:0.040420 / val:0.082820] | PCC[train:0.904509 / val:0.745863] | R²[train:0.686448 / val:0.400242] | lr:2.20e-06
2026-04-03 11:21:37 - INFO - [ 74/100] Loss[train:0.040522 / val:0.079054] | PCC[train:0.914058 / val:0.742457] | R²[train:0.695243 / val:0.437872] | lr:2.06e-06 ★
2026-04-03 11:21:43 - INFO - [ 75/100] Loss[train:0.039822 / val:0.080701] | PCC[train:0.917549 / val:0.742142] | R²[train:0.693260 / val:0.425640] | lr:1.93e-06
2026-04-03 11:21:50 - INFO - [ 76/100] Loss[train:0.040221 / val:0.078443] | PCC[train:0.913027 / val:0.742878] | R²[train:0.693523 / val:0.436531] | lr:1.80e-06 ★
2026-04-03 11:21:56 - INFO - [ 77/100] Loss[train:0.040548 / val:0.078723] | PCC[train:0.909452 / val:0.742722] | R²[train:0.680374 / val:0.434941] | lr:1.67e-06
2026-04-03 11:22:02 - INFO - [ 78/100] Loss[train:0.038831 / val:0.079612] | PCC[train:0.913744 / val:0.742816] | R²[train:0.696314 / val:0.415041] | lr:1.55e-06
2026-04-03 11:22:09 - INFO - [ 79/100] Loss[train:0.039177 / val:0.079533] | PCC[train:0.915971 / val:0.744028] | R²[train:0.695816 / val:0.409994] | lr:1.43e-06
2026-04-03 11:22:15 - INFO - [ 80/100] Loss[train:0.039102 / val:0.078640] | PCC[train:0.911102 / val:0.742754] | R²[train:0.695060 / val:0.446955] | lr:1.32e-06
2026-04-03 11:22:21 - INFO - [ 81/100] Loss[train:0.039565 / val:0.078030] | PCC[train:0.913886 / val:0.743445] | R²[train:0.696414 / val:0.436181] | lr:1.21e-06 ★
2026-04-03 11:22:28 - INFO - [ 82/100] Loss[train:0.038588 / val:0.078351] | PCC[train:0.920071 / val:0.744097] | R²[train:0.706155 / val:0.424912] | lr:1.11e-06
2026-04-03 11:22:34 - INFO - [ 83/100] Loss[train:0.039221 / val:0.079774] | PCC[train:0.911586 / val:0.743977] | R²[train:0.698168 / val:0.433711] | lr:1.01e-06
2026-04-03 11:22:41 - INFO - [ 84/100] Loss[train:0.038567 / val:0.078642] | PCC[train:0.917840 / val:0.743662] | R²[train:0.713228 / val:0.436595] | lr:9.11e-07
2026-04-03 11:22:47 - INFO - [ 85/100] Loss[train:0.039174 / val:0.077934] | PCC[train:0.915593 / val:0.743447] | R²[train:0.698549 / val:0.443984] | lr:8.21e-07 ★
2026-04-03 11:22:54 - INFO - [ 86/100] Loss[train:0.038190 / val:0.078122] | PCC[train:0.923606 / val:0.743689] | R²[train:0.706104 / val:0.450032] | lr:7.35e-07
2026-04-03 11:23:00 - INFO - [ 87/100] Loss[train:0.038430 / val:0.078158] | PCC[train:0.920861 / val:0.743143] | R²[train:0.713224 / val:0.452941] | lr:6.55e-07
2026-04-03 11:23:06 - INFO - [ 88/100] Loss[train:0.038574 / val:0.078380] | PCC[train:0.918404 / val:0.742736] | R²[train:0.716869 / val:0.447498] | lr:5.80e-07
2026-04-03 11:23:13 - INFO - [ 89/100] Loss[train:0.037625 / val:0.077612] | PCC[train:0.924643 / val:0.742900] | R²[train:0.714718 / val:0.448548] | lr:5.10e-07 ★
2026-04-03 11:23:19 - INFO - [ 90/100] Loss[train:0.038173 / val:0.078475] | PCC[train:0.922924 / val:0.742318] | R²[train:0.720649 / val:0.449112] | lr:4.45e-07
2026-04-03 11:23:25 - INFO - [ 91/100] Loss[train:0.038521 / val:0.077436] | PCC[train:0.918475 / val:0.742133] | R²[train:0.718411 / val:0.453483] | lr:3.86e-07 ★
2026-04-03 11:23:32 - INFO - [ 92/100] Loss[train:0.038426 / val:0.078202] | PCC[train:0.925412 / val:0.742083] | R²[train:0.716771 / val:0.449925] | lr:3.32e-07
2026-04-03 11:23:38 - INFO - [ 93/100] Loss[train:0.039081 / val:0.077953] | PCC[train:0.917695 / val:0.741892] | R²[train:0.714719 / val:0.453444] | lr:2.84e-07
2026-04-03 11:23:45 - INFO - [ 94/100] Loss[train:0.037869 / val:0.077583] | PCC[train:0.922197 / val:0.741792] | R²[train:0.714081 / val:0.454290] | lr:2.41e-07
2026-04-03 11:23:51 - INFO - [ 95/100] Loss[train:0.037855 / val:0.078029] | PCC[train:0.925888 / val:0.741734] | R²[train:0.724218 / val:0.451956] | lr:2.04e-07
2026-04-03 11:23:57 - INFO - [ 96/100] Loss[train:0.037947 / val:0.077716] | PCC[train:0.924283 / val:0.741927] | R²[train:0.724140 / val:0.453774] | lr:1.72e-07
2026-04-03 11:24:04 - INFO - [ 97/100] Loss[train:0.038458 / val:0.077791] | PCC[train:0.923331 / val:0.741995] | R²[train:0.715653 / val:0.452915] | lr:1.46e-07
2026-04-03 11:24:10 - INFO - [ 98/100] Loss[train:0.038564 / val:0.078301] | PCC[train:0.921617 / val:0.742148] | R²[train:0.719168 / val:0.448227] | lr:1.26e-07
2026-04-03 11:24:16 - INFO - [ 99/100] Loss[train:0.037454 / val:0.077817] | PCC[train:0.925898 / val:0.742056] | R²[train:0.718080 / val:0.454318] | lr:1.12e-07
2026-04-03 11:24:23 - INFO - [100/100] Loss[train:0.037053 / val:0.077616] | PCC[train:0.927477 / val:0.742146] | R²[train:0.720243 / val:0.453700] | lr:1.03e-07
2026-04-03 11:24:23 - INFO - 训练完成摘要:
2026-04-03 11:24:23 - INFO -     best_epoch: 91/100
2026-04-03 11:24:23 - INFO -     best_val_loss: 0.077436
2026-04-03 11:24:23 - INFO -     best_val_mse: 0.051945
2026-04-03 11:24:23 - INFO -     best_val_rmse: 0.168604
2026-04-03 11:24:23 - INFO -     best_val_mae: 0.132542
2026-04-03 11:24:23 - INFO -     best_val_pcc: 0.742133
2026-04-03 11:24:23 - INFO -     best_val_r²: 0.453483
2026-04-03 11:24:23 - INFO -     final_lr: 1.00e-07
2026-04-03 11:24:23 - INFO -     training_time: 10.66 分钟

2026-04-03 11:24:23 - INFO - 各表型最佳验证指标:
2026-04-03 11:24:23 - INFO -     RGBVI: MSE=0.008693, RMSE=0.083165, MAE=0.064747, PCC=0.729445, R²=0.453992
2026-04-03 11:24:23 - INFO -        WI: MSE=0.018425, RMSE=0.125178, MAE=0.098862, PCC=0.768853, R²=0.525391
2026-04-03 11:24:23 - INFO -       ExB: MSE=0.018698, RMSE=0.125484, MAE=0.099120, PCC=0.768419, R²=0.524810
2026-04-03 11:24:23 - INFO -       COM: MSE=0.009777, RMSE=0.087943, MAE=0.068332, PCC=0.700679, R²=0.400660
2026-04-03 11:24:23 - INFO -     GreenCoverage: MSE=0.012201, RMSE=0.094152, MAE=0.073550, PCC=0.771575, R²=0.384476
2026-04-03 11:24:23 - INFO -        bn: MSE=0.063836, RMSE=0.240118, MAE=0.188828, PCC=0.765797, R²=0.527597
2026-04-03 11:24:23 - INFO -      IPCA: MSE=0.275543, RMSE=0.511187, MAE=0.403013, PCC=0.686471, R²=0.380153
2026-04-03 11:24:23 - INFO -       NDI: MSE=0.008386, RMSE=0.081603, MAE=0.063882, PCC=0.745823, R²=0.430788
2026-04-03 11:24:23 - INFO - ================================================================================
2026-04-03 11:24:23 - INFO - 测试集评估
2026-04-03 11:24:23 - INFO - ================================================================================
2026-04-03 11:24:23 - INFO - Scaler对象已从 outputs/tfpp/exp_20260403_111343/scalers/scaler.pkl 加载
2026-04-03 11:24:23 - INFO - （归一化）数据的测试集整体指标:
2026-04-03 11:24:23 - INFO -       MSE: 0.066391
2026-04-03 11:24:23 - INFO -      RMSE: 0.195254
2026-04-03 11:24:23 - INFO -       MAE: 0.144555
2026-04-03 11:24:23 - INFO -       PCC: 0.745950
2026-04-03 11:24:23 - INFO -        R2: 0.394196
2026-04-03 11:24:23 - INFO - （反归一化）数据的测试集整体指标:
2026-04-03 11:24:23 - INFO -       MSE: 1.588082
2026-04-03 11:24:23 - INFO -      RMSE: 0.481214
2026-04-03 11:24:23 - INFO -       MAE: 0.371897
2026-04-03 11:24:23 - INFO -       PCC: 0.745950
2026-04-03 11:24:23 - INFO -        R2: 0.394196
2026-04-03 11:24:23 - INFO - （归一化）各表型测试集指标:
2026-04-03 11:24:23 - INFO -     RGBVI: MSE=0.015063, RMSE=0.106259, MAE=0.070953，PCC=0.736670, R²=0.386648
2026-04-03 11:24:23 - INFO -        WI: MSE=0.028604, RMSE=0.153693, MAE=0.109743，PCC=0.773431, R²=0.446369
2026-04-03 11:24:23 - INFO -       ExB: MSE=0.029238, RMSE=0.153436, MAE=0.109079，PCC=0.776962, R²=0.440087
2026-04-03 11:24:23 - INFO -       COM: MSE=0.016159, RMSE=0.110559, MAE=0.075986，PCC=0.711301, R²=0.370032
2026-04-03 11:24:23 - INFO -     GreenCoverage: MSE=0.020687, RMSE=0.115214, MAE=0.075665，PCC=0.754680, R²=0.387047
2026-04-03 11:24:23 - INFO -        bn: MSE=0.084373, RMSE=0.274385, MAE=0.216317，PCC=0.761312, R²=0.440325
2026-04-03 11:24:23 - INFO -      IPCA: MSE=0.323477, RMSE=0.549470, MAE=0.430616，PCC=0.716227, R²=0.338237
2026-04-03 11:24:23 - INFO -       NDI: MSE=0.013524, RMSE=0.099015, MAE=0.068080，PCC=0.737015, R²=0.344820
2026-04-03 11:24:23 - INFO - （反归一化）各表型测试集指标:
2026-04-03 11:24:23 - INFO -     RGBVI: MSE=0.000242, RMSE=0.013474, MAE=0.008997，PCC=0.736670, R²=0.386648
2026-04-03 11:24:23 - INFO -        WI: MSE=0.000101, RMSE=0.009118, MAE=0.006511，PCC=0.773431, R²=0.446369
2026-04-03 11:24:23 - INFO -       ExB: MSE=0.000063, RMSE=0.007116, MAE=0.005059，PCC=0.776962, R²=0.440087
2026-04-03 11:24:23 - INFO -       COM: MSE=0.172201, RMSE=0.360914, MAE=0.248052，PCC=0.711301, R²=0.370032
2026-04-03 11:24:23 - INFO -     GreenCoverage: MSE=0.001235, RMSE=0.028151, MAE=0.018488，PCC=0.754680, R²=0.387047
2026-04-03 11:24:23 - INFO -        bn: MSE=0.000012, RMSE=0.003300, MAE=0.002602，PCC=0.761312, R²=0.440326
2026-04-03 11:24:23 - INFO -      IPCA: MSE=12.530723, RMSE=3.419880, MAE=2.680137，PCC=0.716227, R²=0.338237
2026-04-03 11:24:23 - INFO -       NDI: MSE=0.000083, RMSE=0.007757, MAE=0.005333，PCC=0.737015, R²=0.344820
2026-04-03 11:24:23 - INFO - 模型已保存: outputs/tfpp/exp_20260403_111343/models/best_model.pth
2026-04-03 11:24:23 - INFO - 训练历史综合指标已保存: outputs/tfpp/exp_20260403_111343/training_history/training_history_metrics.csv
2026-04-03 11:24:23 - INFO - 所有表型的训练MSE指标已保存: outputs/tfpp/exp_20260403_111343/training_history/phenotype_mse_history.csv
2026-04-03 11:24:23 - INFO - 所有表型的训练RMSE指标已保存: outputs/tfpp/exp_20260403_111343/training_history/phenotype_rmse_history.csv
2026-04-03 11:24:23 - INFO - 所有表型的训练MAE指标已保存: outputs/tfpp/exp_20260403_111343/training_history/phenotype_mae_history.csv
2026-04-03 11:24:23 - INFO - 所有表型的训练PCC指标已保存: outputs/tfpp/exp_20260403_111343/training_history/phenotype_pcc_history.csv
2026-04-03 11:24:23 - INFO - 所有表型的训练R2指标已保存: outputs/tfpp/exp_20260403_111343/training_history/phenotype_r2_history.csv
