2026-04-07 18:18:22 - INFO - ================================================================================
2026-04-07 18:18:22 - INFO - 常规训练
2026-04-07 18:18:22 - INFO - ================================================================================
2026-04-07 18:18:22 - INFO - 训练配置:
2026-04-07 18:18:22 - INFO -     实验名称: sim_data
2026-04-07 18:18:22 - INFO -     样本数量: 2000
2026-04-07 18:18:22 - INFO -     表型数量: 1 ['sim_pheno']
2026-04-07 18:18:22 - INFO -     时间点数: [1, 2, 3, 4, 5, 6, 7, 8, 9, 10, 11, 12, 13, 14, 15]
2026-04-07 18:18:22 - INFO -     训练模式: 常规训练
2026-04-07 18:18:22 - INFO -     test_ratio: 0.1
2026-04-07 18:18:22 - INFO -     val_ratio: 0.1
2026-04-07 18:18:22 - INFO -     epochs: 100
2026-04-07 18:18:22 - INFO -     lr: 0.0005
2026-04-07 18:18:22 - INFO -     min_lr: 1e-07
2026-04-07 18:18:22 - INFO -     weight_decay: 0.0001
2026-04-07 18:18:22 - INFO -     batch_size: 32
2026-04-07 18:18:22 - INFO -     patience: 10
2026-04-07 18:18:22 - INFO -     grad_clip_norm: 1.0
2026-04-07 18:18:22 - INFO -     seed: 73
2026-04-07 18:18:22 - INFO -     device: cuda
2026-04-07 18:18:22 - INFO -     use_warmup: True
2026-04-07 18:18:22 - INFO -     norm_method: global
2026-04-07 18:18:22 - INFO -     scaler_type: zscore
2026-04-07 18:18:22 - INFO -     warmup_epochs: 8
2026-04-07 18:18:22 - INFO - 模型配置:
2026-04-07 18:18:22 - INFO -     snp_dim: 1000
2026-04-07 18:18:22 - INFO -     d_model: 64
2026-04-07 18:18:22 - INFO -     num_heads: 4
2026-04-07 18:18:22 - INFO -     num_layers: 2
2026-04-07 18:18:22 - INFO -     d_ff: 256
2026-04-07 18:18:22 - INFO -     dropout: 0.3
2026-04-07 18:18:22 - INFO - 路径配置:
2026-04-07 18:18:22 - INFO -     snp_file: dataset/maize/snp/sim_data.npy
2026-04-07 18:18:22 - INFO -     pheno_dir: dataset/maize/cleaned_pheno
2026-04-07 18:18:22 - INFO -     model_save_dir: outputs/tfpp/sim_data/models
2026-04-07 18:18:22 - INFO -     training_history_save_dir: outputs/tfpp/sim_data/training_history
2026-04-07 18:18:22 - INFO -     phenotype_scaler_dir: outputs/tfpp/sim_data/scalers
2026-04-07 18:18:22 - INFO - 归一化器已保存至: outputs/tfpp/sim_data/scalers/scaler.pkl
2026-04-07 18:18:22 - INFO - 数据加载完成
2026-04-07 18:18:25 - INFO - [  1/100] Loss[train:1.141461 / val:1.040340] | PCC[train:0.003618 / val:0.186391] | R²[train:-45.879280 / val:-40.994179] | lr:5.00e-06 ★
2026-04-07 18:18:27 - INFO - [  2/100] Loss[train:0.881935 / val:0.611011] | PCC[train:0.008094 / val:0.217612] | R²[train:-34.584518 / val:-22.423220] | lr:1.06e-05 ★
2026-04-07 18:18:28 - INFO - [  3/100] Loss[train:0.235531 / val:0.104067] | PCC[train:-0.009291 / val:0.193618] | R²[train:-5.529072 / val:-0.077331] | lr:1.62e-05 ★
2026-04-07 18:18:30 - INFO - [  4/100] Loss[train:0.106347 / val:0.095208] | PCC[train:0.066466 / val:0.267364] | R²[train:-0.020344 / val:-0.003173] | lr:2.19e-05 ★
2026-04-07 18:18:32 - INFO - [  5/100] Loss[train:0.098015 / val:0.089348] | PCC[train:0.126489 / val:0.327552] | R²[train:-0.001612 / val:0.010652] | lr:2.75e-05 ★
2026-04-07 18:18:34 - INFO - [  6/100] Loss[train:0.087927 / val:0.084250] | PCC[train:0.218641 / val:0.382512] | R²[train:0.025306 / val:0.007197] | lr:3.31e-05 ★
2026-04-07 18:18:35 - INFO - [  7/100] Loss[train:0.086743 / val:0.080372] | PCC[train:0.228023 / val:0.418547] | R²[train:0.035033 / val:0.018381] | lr:3.87e-05 ★
2026-04-07 18:18:37 - INFO - [  8/100] Loss[train:0.082236 / val:0.074142] | PCC[train:0.220628 / val:0.472138] | R²[train:0.034133 / val:0.006556] | lr:4.44e-05 ★
2026-04-07 18:18:38 - INFO - [  9/100] Loss[train:0.082325 / val:0.072473] | PCC[train:0.205221 / val:0.500223] | R²[train:0.018367 / val:-0.034042] | lr:5.00e-05 ★
2026-04-07 18:18:40 - INFO - [ 10/100] Loss[train:0.079025 / val:0.067392] | PCC[train:0.264331 / val:0.524751] | R²[train:0.054145 / val:0.039908] | lr:5.00e-05 ★
2026-04-07 18:18:41 - INFO - [ 11/100] Loss[train:0.074125 / val:0.064479] | PCC[train:0.308436 / val:0.546692] | R²[train:0.066661 / val:0.046321] | lr:4.99e-05 ★
2026-04-07 18:18:43 - INFO - [ 12/100] Loss[train:0.075745 / val:0.064730] | PCC[train:0.335437 / val:0.545831] | R²[train:0.080109 / val:0.046752] | lr:4.99e-05
2026-04-07 18:18:45 - INFO - [ 13/100] Loss[train:0.073533 / val:0.064172] | PCC[train:0.267472 / val:0.561881] | R²[train:0.032098 / val:0.034239] | lr:4.98e-05 ★
2026-04-07 18:18:46 - INFO - [ 14/100] Loss[train:0.071161 / val:0.064997] | PCC[train:0.331660 / val:0.539802] | R²[train:0.061399 / val:0.081334] | lr:4.96e-05
2026-04-07 18:18:48 - INFO - [ 15/100] Loss[train:0.066657 / val:0.060415] | PCC[train:0.372050 / val:0.593024] | R²[train:0.073789 / val:0.099103] | lr:4.95e-05 ★
2026-04-07 18:18:50 - INFO - [ 16/100] Loss[train:0.060708 / val:0.057165] | PCC[train:0.472716 / val:0.619690] | R²[train:0.161419 / val:0.145561] | lr:4.93e-05 ★
2026-04-07 18:18:51 - INFO - [ 17/100] Loss[train:0.061712 / val:0.057356] | PCC[train:0.429658 / val:0.616629] | R²[train:0.114600 / val:0.120783] | lr:4.91e-05
2026-04-07 18:18:52 - INFO - [ 18/100] Loss[train:0.056386 / val:0.056189] | PCC[train:0.524726 / val:0.603734] | R²[train:0.226319 / val:0.249909] | lr:4.88e-05 ★
2026-04-07 18:18:54 - INFO - [ 19/100] Loss[train:0.053632 / val:0.057564] | PCC[train:0.572239 / val:0.587011] | R²[train:0.261119 / val:0.258955] | lr:4.86e-05
2026-04-07 18:18:55 - INFO - [ 20/100] Loss[train:0.052779 / val:0.053399] | PCC[train:0.569447 / val:0.633703] | R²[train:0.269058 / val:0.252890] | lr:4.83e-05 ★
2026-04-07 18:18:57 - INFO - [ 21/100] Loss[train:0.051688 / val:0.048320] | PCC[train:0.585676 / val:0.658158] | R²[train:0.303773 / val:0.372422] | lr:4.79e-05 ★
2026-04-07 18:18:59 - INFO - [ 22/100] Loss[train:0.046516 / val:0.038891] | PCC[train:0.597974 / val:0.720609] | R²[train:0.355564 / val:0.534863] | lr:4.76e-05 ★
2026-04-07 18:19:00 - INFO - [ 23/100] Loss[train:0.038997 / val:0.033954] | PCC[train:0.674373 / val:0.742035] | R²[train:0.502791 / val:0.632526] | lr:4.72e-05 ★
2026-04-07 18:19:02 - INFO - [ 24/100] Loss[train:0.036151 / val:0.033790] | PCC[train:0.709118 / val:0.772312] | R²[train:0.553469 / val:0.509994] | lr:4.68e-05 ★
2026-04-07 18:19:04 - INFO - [ 25/100] Loss[train:0.033844 / val:0.033297] | PCC[train:0.718679 / val:0.766121] | R²[train:0.579261 / val:0.545194] | lr:4.64e-05 ★
2026-04-07 18:19:05 - INFO - [ 26/100] Loss[train:0.032350 / val:0.029427] | PCC[train:0.743158 / val:0.773900] | R²[train:0.608525 / val:0.684467] | lr:4.59e-05 ★
2026-04-07 18:19:07 - INFO - [ 27/100] Loss[train:0.032917 / val:0.030646] | PCC[train:0.738334 / val:0.770957] | R²[train:0.602649 / val:0.648276] | lr:4.54e-05
2026-04-07 18:19:09 - INFO - [ 28/100] Loss[train:0.031808 / val:0.027907] | PCC[train:0.746861 / val:0.780565] | R²[train:0.627100 / val:0.723446] | lr:4.49e-05 ★
2026-04-07 18:19:10 - INFO - [ 29/100] Loss[train:0.030435 / val:0.028424] | PCC[train:0.753851 / val:0.781813] | R²[train:0.628241 / val:0.698199] | lr:4.44e-05
2026-04-07 18:19:12 - INFO - [ 30/100] Loss[train:0.030844 / val:0.031843] | PCC[train:0.746210 / val:0.785120] | R²[train:0.613213 / val:0.540869] | lr:4.39e-05
2026-04-07 18:19:13 - INFO - [ 31/100] Loss[train:0.030110 / val:0.028115] | PCC[train:0.756677 / val:0.782275] | R²[train:0.637440 / val:0.700441] | lr:4.33e-05
2026-04-07 18:19:15 - INFO - [ 32/100] Loss[train:0.028836 / val:0.027245] | PCC[train:0.776616 / val:0.783633] | R²[train:0.665658 / val:0.728894] | lr:4.27e-05 ★
2026-04-07 18:19:17 - INFO - [ 33/100] Loss[train:0.030282 / val:0.026948] | PCC[train:0.747593 / val:0.786718] | R²[train:0.631887 / val:0.732269] | lr:4.21e-05 ★
2026-04-07 18:19:18 - INFO - [ 34/100] Loss[train:0.029548 / val:0.027900] | PCC[train:0.761981 / val:0.790695] | R²[train:0.652082 / val:0.680293] | lr:4.14e-05
2026-04-07 18:19:20 - INFO - [ 35/100] Loss[train:0.028635 / val:0.030001] | PCC[train:0.777982 / val:0.786758] | R²[train:0.662342 / val:0.604687] | lr:4.08e-05
2026-04-07 18:19:21 - INFO - [ 36/100] Loss[train:0.028325 / val:0.026599] | PCC[train:0.770247 / val:0.789816] | R²[train:0.654630 / val:0.729940] | lr:4.01e-05 ★
2026-04-07 18:19:23 - INFO - [ 37/100] Loss[train:0.029590 / val:0.026493] | PCC[train:0.762586 / val:0.789618] | R²[train:0.645203 / val:0.731582] | lr:3.94e-05 ★
2026-04-07 18:19:25 - INFO - [ 38/100] Loss[train:0.028835 / val:0.027113] | PCC[train:0.765288 / val:0.792232] | R²[train:0.639733 / val:0.700934] | lr:3.87e-05
2026-04-07 18:19:26 - INFO - [ 39/100] Loss[train:0.027860 / val:0.026155] | PCC[train:0.785267 / val:0.792157] | R²[train:0.694932 / val:0.738606] | lr:3.80e-05 ★
2026-04-07 18:19:28 - INFO - [ 40/100] Loss[train:0.028062 / val:0.026122] | PCC[train:0.778768 / val:0.795665] | R²[train:0.675765 / val:0.728060] | lr:3.73e-05 ★
2026-04-07 18:19:30 - INFO - [ 41/100] Loss[train:0.027220 / val:0.027582] | PCC[train:0.784945 / val:0.793072] | R²[train:0.693457 / val:0.681054] | lr:3.65e-05
2026-04-07 18:19:31 - INFO - [ 42/100] Loss[train:0.026942 / val:0.026548] | PCC[train:0.789925 / val:0.795732] | R²[train:0.699684 / val:0.713102] | lr:3.58e-05
2026-04-07 18:19:33 - INFO - [ 43/100] Loss[train:0.028321 / val:0.025917] | PCC[train:0.781104 / val:0.795455] | R²[train:0.676146 / val:0.738173] | lr:3.50e-05 ★
2026-04-07 18:19:35 - INFO - [ 44/100] Loss[train:0.027192 / val:0.027768] | PCC[train:0.789670 / val:0.795511] | R²[train:0.699585 / val:0.671821] | lr:3.42e-05
2026-04-07 18:19:36 - INFO - [ 45/100] Loss[train:0.027220 / val:0.026343] | PCC[train:0.784097 / val:0.792887] | R²[train:0.683828 / val:0.736940] | lr:3.34e-05
2026-04-07 18:19:38 - INFO - [ 46/100] Loss[train:0.026780 / val:0.026917] | PCC[train:0.790668 / val:0.794918] | R²[train:0.703929 / val:0.707554] | lr:3.26e-05
2026-04-07 18:19:40 - INFO - [ 47/100] Loss[train:0.026658 / val:0.026790] | PCC[train:0.789936 / val:0.798655] | R²[train:0.700743 / val:0.691155] | lr:3.18e-05
2026-04-07 18:19:41 - INFO - [ 48/100] Loss[train:0.027749 / val:0.026116] | PCC[train:0.785074 / val:0.795870] | R²[train:0.685318 / val:0.738049] | lr:3.10e-05
2026-04-07 18:19:43 - INFO - [ 49/100] Loss[train:0.026562 / val:0.027560] | PCC[train:0.794150 / val:0.795930] | R²[train:0.703039 / val:0.679143] | lr:3.01e-05
2026-04-07 18:19:45 - INFO - [ 50/100] Loss[train:0.026487 / val:0.026369] | PCC[train:0.793903 / val:0.795703] | R²[train:0.704172 / val:0.723631] | lr:2.93e-05
2026-04-07 18:19:47 - INFO - [ 51/100] Loss[train:0.026438 / val:0.026049] | PCC[train:0.796505 / val:0.796800] | R²[train:0.707236 / val:0.726859] | lr:2.84e-05
2026-04-07 18:19:48 - INFO - [ 52/100] Loss[train:0.026960 / val:0.027111] | PCC[train:0.791141 / val:0.797510] | R²[train:0.693988 / val:0.691590] | lr:2.76e-05
2026-04-07 18:19:50 - INFO - [ 53/100] Loss[train:0.027150 / val:0.028211] | PCC[train:0.783655 / val:0.796739] | R²[train:0.681656 / val:0.652424] | lr:2.68e-05
2026-04-07 18:19:50 - INFO - 连续 10 轮无改善，触发早停！
2026-04-07 18:19:50 - INFO - 训练完成摘要:
2026-04-07 18:19:50 - INFO -     best_epoch: 43/100
2026-04-07 18:19:50 - INFO -     best_val_loss: 0.025917
2026-04-07 18:19:50 - INFO -     best_val_mse: 0.006046
2026-04-07 18:19:50 - INFO -     best_val_rmse: 0.071627
2026-04-07 18:19:50 - INFO -     best_val_mae: 0.058020
2026-04-07 18:19:50 - INFO -     best_val_pcc: 0.795455
2026-04-07 18:19:50 - INFO -     best_val_r²: 0.738173
2026-04-07 18:19:50 - INFO -     final_lr: 2.59e-05
2026-04-07 18:19:50 - INFO -     training_time: 1.45 分钟

2026-04-07 18:19:50 - INFO - 各表型最佳验证指标:
2026-04-07 18:19:50 - INFO -     sim_pheno: MSE=0.006046, RMSE=0.071627, MAE=0.058020, PCC=0.795455, R²=0.738173
2026-04-07 18:19:50 - INFO - ================================================================================
2026-04-07 18:19:50 - INFO - 测试集评估
2026-04-07 18:19:50 - INFO - ================================================================================
2026-04-07 18:19:50 - INFO - Scaler对象已从 outputs/tfpp/sim_data/scalers/scaler.pkl 加载
2026-04-07 18:19:50 - INFO - （归一化）数据的测试集整体指标:
2026-04-07 18:19:50 - INFO -       MSE: 0.007195
2026-04-07 18:19:50 - INFO -      RMSE: 0.075562
2026-04-07 18:19:50 - INFO -       MAE: 0.060698
2026-04-07 18:19:50 - INFO -       PCC: 0.792011
2026-04-07 18:19:50 - INFO -        R2: 0.709528
2026-04-07 18:19:50 - INFO - （反归一化）数据的测试集整体指标:
2026-04-07 18:19:50 - INFO -       MSE: 0.809315
2026-04-07 18:19:50 - INFO -      RMSE: 0.801400
2026-04-07 18:19:50 - INFO -       MAE: 0.643747
2026-04-07 18:19:50 - INFO -       PCC: 0.792011
2026-04-07 18:19:50 - INFO -        R2: 0.709528
2026-04-07 18:19:50 - INFO - （归一化）各表型测试集指标:
2026-04-07 18:19:50 - INFO -     sim_pheno: MSE=0.007195, RMSE=0.075562, MAE=0.060698，PCC=0.792011, R²=0.709528
2026-04-07 18:19:50 - INFO - （反归一化）各表型测试集指标:
2026-04-07 18:19:50 - INFO -     sim_pheno: MSE=0.809315, RMSE=0.801400, MAE=0.643747，PCC=0.792011, R²=0.709528
2026-04-07 18:19:50 - INFO - 模型已保存: outputs/tfpp/sim_data/models/best_model.pth
2026-04-07 18:19:50 - INFO - 训练历史综合指标已保存: outputs/tfpp/sim_data/training_history/training_history_metrics.csv
2026-04-07 18:19:50 - INFO - 所有表型的训练MSE指标已保存: outputs/tfpp/sim_data/training_history/phenotype_mse_history.csv
2026-04-07 18:19:50 - INFO - 所有表型的训练RMSE指标已保存: outputs/tfpp/sim_data/training_history/phenotype_rmse_history.csv
2026-04-07 18:19:50 - INFO - 所有表型的训练MAE指标已保存: outputs/tfpp/sim_data/training_history/phenotype_mae_history.csv
2026-04-07 18:19:50 - INFO - 所有表型的训练PCC指标已保存: outputs/tfpp/sim_data/training_history/phenotype_pcc_history.csv
2026-04-07 18:19:50 - INFO - 所有表型的训练R2指标已保存: outputs/tfpp/sim_data/training_history/phenotype_r2_history.csv
